2024-03-05 23:42:57,273 [Worker-6: Loading available Gradle versions] INFO  o.e.b.c.i.u.g.PublishedGradleVersions - Gradle version information cache is up-to-date. Trying to read.
2024-03-05 23:46:17,447 [Worker-18: Building] INFO  o.e.m.c.i.l.LifecycleMappingFactory - Using org.eclipse.m2e.jdt.JarLifecycleMapping lifecycle mapping for MavenProject: co.com.sanclemente.service.resolveEnigmaApi:resolve-enigma-api:1.0.0 @ /Users/mac20/Documents/Jurgen/Universidad/semestre 6/Servicios/parcial1/parcial/ResolveEnigmaAp/pom.xml.
2024-03-05 23:46:19,327 [Worker-18: Building] INFO  o.e.m.c.i.embedder.EclipseLogger - Using 'UTF-8' encoding to copy filtered resources.
2024-03-05 23:46:19,332 [Worker-18: Building] INFO  o.e.m.c.i.embedder.EclipseLogger - Copying 1 resource
2024-03-05 23:46:19,354 [Worker-18: Building] INFO  o.e.m.c.i.embedder.EclipseLogger - Copying 0 resource
2024-03-05 23:46:19,362 [Worker-18: Building] INFO  o.e.m.c.i.embedder.EclipseLogger - Using 'UTF-8' encoding to copy filtered resources.
2024-03-05 23:46:19,363 [Worker-18: Building] INFO  o.e.m.c.i.embedder.EclipseLogger - skip non existing resourceDirectory /Users/mac20/Documents/Jurgen/Universidad/semestre 6/Servicios/parcial1/parcial/ResolveEnigmaAp/src/test/resources
2024-03-05 23:46:19,877 [Worker-19: Updating Maven Dependencies] INFO  o.e.m.c.i.l.LifecycleMappingFactory - Using org.eclipse.m2e.jdt.JarLifecycleMapping lifecycle mapping for MavenProject: co.com.sanclemente.service.resolveEnigmaApi:resolve-enigma-api:1.0.0 @ /Users/mac20/Documents/Jurgen/Universidad/semestre 6/Servicios/parcial1/parcial/ResolveEnigmaAp/pom.xml.
2024-03-05 23:49:17,306 [Worker-19: Building] INFO  o.e.m.c.i.l.LifecycleMappingFactory - Using org.eclipse.m2e.jdt.JarLifecycleMapping lifecycle mapping for MavenProject: co.com.sanclemente.service.resolveEnigmaApi:resolve-enigma-ap:1.0.0 @ /Users/mac20/Documents/Jurgen/Universidad/semestre 6/Servicios/parcial1/parcial/ResolveEnigmaAp/pom.xml.
2024-03-05 23:49:17,775 [Worker-19: Building] INFO  o.e.m.c.i.embedder.EclipseLogger - Using 'UTF-8' encoding to copy filtered resources.
2024-03-05 23:49:17,782 [Worker-19: Building] INFO  o.e.m.c.i.embedder.EclipseLogger - Copying 1 resource
2024-03-05 23:49:17,796 [Worker-19: Building] INFO  o.e.m.c.i.embedder.EclipseLogger - Copying 0 resource
2024-03-05 23:49:17,826 [Worker-19: Building] INFO  o.e.m.c.i.embedder.EclipseLogger - Using 'UTF-8' encoding to copy filtered resources.
2024-03-05 23:49:17,835 [Worker-19: Building] INFO  o.e.m.c.i.embedder.EclipseLogger - skip non existing resourceDirectory /Users/mac20/Documents/Jurgen/Universidad/semestre 6/Servicios/parcial1/parcial/ResolveEnigmaAp/src/test/resources
2024-03-05 23:49:25,823 [Worker-18: Updating Maven Project] INFO  o.e.m.c.i.p.ProjectConfigurationManager - Update started
2024-03-05 23:49:26,102 [Worker-18: Updating Maven Project] INFO  o.e.m.c.i.l.LifecycleMappingFactory - Using org.eclipse.m2e.jdt.JarLifecycleMapping lifecycle mapping for MavenProject: co.com.sanclemente.service.resolveEnigmaApi:resolve-enigma-ap:1.0.0 @ /Users/mac20/Documents/Jurgen/Universidad/semestre 6/Servicios/parcial1/parcial/ResolveEnigmaAp/pom.xml.
2024-03-05 23:49:26,424 [Worker-18: Updating Maven Project] INFO  o.e.m.j.i.AbstractJavaProjectConfigurator - Adding source folder /ResolveEnigmaAp/src/main/java
2024-03-05 23:49:26,425 [Worker-18: Updating Maven Project] INFO  o.e.m.j.i.AbstractJavaProjectConfigurator - Adding resource folder /ResolveEnigmaAp/src/main/resources
2024-03-05 23:49:26,425 [Worker-18: Updating Maven Project] INFO  o.e.m.j.i.AbstractJavaProjectConfigurator - Adding resource folder /ResolveEnigmaAp/src/main/resources
2024-03-05 23:49:26,427 [Worker-18: Updating Maven Project] INFO  o.e.m.j.i.AbstractJavaProjectConfigurator - Adding source folder /ResolveEnigmaAp/src/test/java
2024-03-05 23:49:26,427 [Worker-18: Updating Maven Project] INFO  o.e.m.j.i.AbstractJavaProjectConfigurator - Adding resource folder /ResolveEnigmaAp/src/test/resources
2024-03-05 23:49:26,676 [Worker-18: Updating Maven Project] INFO  o.e.m.c.i.p.ProjectConfigurationManager - Update completed for 1 poms: local refresh takes 0.00 sec, refresh facades takes 0.00 sec, update config takes 0.00 sec 
2024-03-05 23:49:27,069 [Worker-21: Building] INFO  o.e.m.c.i.embedder.EclipseLogger - Using 'UTF-8' encoding to copy filtered resources.
2024-03-05 23:49:27,070 [Worker-21: Building] INFO  o.e.m.c.i.embedder.EclipseLogger - Copying 1 resource
2024-03-05 23:49:27,085 [Worker-21: Building] INFO  o.e.m.c.i.embedder.EclipseLogger - Copying 0 resource
2024-03-05 23:49:27,091 [Worker-21: Building] INFO  o.e.m.c.i.embedder.EclipseLogger - Using 'UTF-8' encoding to copy filtered resources.
2024-03-05 23:49:27,092 [Worker-21: Building] INFO  o.e.m.c.i.embedder.EclipseLogger - skip non existing resourceDirectory /Users/mac20/Documents/Jurgen/Universidad/semestre 6/Servicios/parcial1/parcial/ResolveEnigmaAp/src/test/resources
2024-03-05 23:50:03,559 [Worker-20: Building] INFO  o.e.m.c.i.l.LifecycleMappingFactory - Using org.eclipse.m2e.jdt.JarLifecycleMapping lifecycle mapping for MavenProject: co.com.sanclemente.service.resolveEnigmaApi:resolve-enigma-api:1.0.0 @ /Users/mac20/Documents/Jurgen/Universidad/semestre 6/Servicios/parcial1/parcial/ResolveEnigmaAp2/pom.xml.
2024-03-05 23:50:03,864 [Worker-20: Building] INFO  o.e.m.c.i.embedder.EclipseLogger - Using 'UTF-8' encoding to copy filtered resources.
2024-03-05 23:50:03,865 [Worker-20: Building] INFO  o.e.m.c.i.embedder.EclipseLogger - Copying 1 resource
2024-03-05 23:50:03,866 [Worker-20: Building] INFO  o.e.m.c.i.embedder.EclipseLogger - Copying 0 resource
2024-03-05 23:50:03,870 [Worker-20: Building] INFO  o.e.m.c.i.embedder.EclipseLogger - Using 'UTF-8' encoding to copy filtered resources.
2024-03-05 23:50:03,870 [Worker-20: Building] INFO  o.e.m.c.i.embedder.EclipseLogger - skip non existing resourceDirectory /Users/mac20/Documents/Jurgen/Universidad/semestre 6/Servicios/parcial1/parcial/ResolveEnigmaAp2/src/test/resources
2024-03-05 23:50:04,098 [Worker-23: Updating Maven Dependencies] INFO  o.e.m.c.i.l.LifecycleMappingFactory - Using org.eclipse.m2e.jdt.JarLifecycleMapping lifecycle mapping for MavenProject: co.com.sanclemente.service.resolveEnigmaApi:resolve-enigma-api:1.0.0 @ /Users/mac20/Documents/Jurgen/Universidad/semestre 6/Servicios/parcial1/parcial/ResolveEnigmaAp2/pom.xml.
2024-03-05 23:50:13,487 [Worker-24: Building] INFO  o.e.m.c.i.l.LifecycleMappingFactory - Using org.eclipse.m2e.jdt.JarLifecycleMapping lifecycle mapping for MavenProject: co.com.sanclemente.service.resolveEnigmaApi:resolve-enigma-ap2:1.0.0 @ /Users/mac20/Documents/Jurgen/Universidad/semestre 6/Servicios/parcial1/parcial/ResolveEnigmaAp2/pom.xml.
2024-03-05 23:50:13,569 [Worker-24: Building] INFO  o.e.m.c.i.embedder.EclipseLogger - Using 'UTF-8' encoding to copy filtered resources.
2024-03-05 23:50:13,573 [Worker-24: Building] INFO  o.e.m.c.i.embedder.EclipseLogger - Copying 1 resource
2024-03-05 23:50:13,580 [Worker-24: Building] INFO  o.e.m.c.i.embedder.EclipseLogger - Copying 0 resource
2024-03-05 23:50:13,586 [Worker-24: Building] INFO  o.e.m.c.i.embedder.EclipseLogger - Using 'UTF-8' encoding to copy filtered resources.
2024-03-05 23:50:13,587 [Worker-24: Building] INFO  o.e.m.c.i.embedder.EclipseLogger - skip non existing resourceDirectory /Users/mac20/Documents/Jurgen/Universidad/semestre 6/Servicios/parcial1/parcial/ResolveEnigmaAp2/src/test/resources
2024-03-05 23:50:42,375 [Worker-25: Updating Maven Project] INFO  o.e.m.c.i.p.ProjectConfigurationManager - Update started
2024-03-05 23:50:42,687 [Worker-25: Updating Maven Project] INFO  o.e.m.c.i.l.LifecycleMappingFactory - Using org.eclipse.m2e.jdt.JarLifecycleMapping lifecycle mapping for MavenProject: co.com.sanclemente.service.resolveEnigmaApi:resolve-enigma-ap2:1.0.0 @ /Users/mac20/Documents/Jurgen/Universidad/semestre 6/Servicios/parcial1/parcial/ResolveEnigmaAp2/pom.xml.
2024-03-05 23:50:42,883 [Worker-25: Updating Maven Project] INFO  o.e.m.c.i.l.LifecycleMappingFactory - Using org.eclipse.m2e.jdt.JarLifecycleMapping lifecycle mapping for MavenProject: co.com.sanclemente.service.resolveEnigmaApi:resolve-enigma-ap:1.0.0 @ /Users/mac20/Documents/Jurgen/Universidad/semestre 6/Servicios/parcial1/parcial/ResolveEnigmaAp/pom.xml.
2024-03-05 23:50:43,091 [Worker-25: Updating Maven Project] INFO  o.e.m.j.i.AbstractJavaProjectConfigurator - Adding source folder /ResolveEnigmaAp2/src/main/java
2024-03-05 23:50:43,092 [Worker-25: Updating Maven Project] INFO  o.e.m.j.i.AbstractJavaProjectConfigurator - Adding resource folder /ResolveEnigmaAp2/src/main/resources
2024-03-05 23:50:43,092 [Worker-25: Updating Maven Project] INFO  o.e.m.j.i.AbstractJavaProjectConfigurator - Adding resource folder /ResolveEnigmaAp2/src/main/resources
2024-03-05 23:50:43,092 [Worker-25: Updating Maven Project] INFO  o.e.m.j.i.AbstractJavaProjectConfigurator - Adding source folder /ResolveEnigmaAp2/src/test/java
2024-03-05 23:50:43,092 [Worker-25: Updating Maven Project] INFO  o.e.m.j.i.AbstractJavaProjectConfigurator - Adding resource folder /ResolveEnigmaAp2/src/test/resources
2024-03-05 23:50:43,242 [Worker-25: Updating Maven Project] INFO  o.e.m.c.i.p.ProjectConfigurationManager - Update completed for 1 poms: local refresh takes 0.00 sec, refresh facades takes 0.00 sec, update config takes 0.00 sec 
2024-03-05 23:50:43,571 [Worker-24: Building] INFO  o.e.m.c.i.embedder.EclipseLogger - Using 'UTF-8' encoding to copy filtered resources.
2024-03-05 23:50:43,572 [Worker-24: Building] INFO  o.e.m.c.i.embedder.EclipseLogger - Copying 1 resource
2024-03-05 23:50:43,588 [Worker-24: Building] INFO  o.e.m.c.i.embedder.EclipseLogger - Copying 0 resource
2024-03-05 23:50:43,593 [Worker-24: Building] INFO  o.e.m.c.i.embedder.EclipseLogger - Using 'UTF-8' encoding to copy filtered resources.
2024-03-05 23:50:43,594 [Worker-24: Building] INFO  o.e.m.c.i.embedder.EclipseLogger - skip non existing resourceDirectory /Users/mac20/Documents/Jurgen/Universidad/semestre 6/Servicios/parcial1/parcial/ResolveEnigmaAp2/src/test/resources
2024-03-05 23:51:04,192 [Worker-25: Building] INFO  o.e.m.c.i.l.LifecycleMappingFactory - Using org.eclipse.m2e.jdt.JarLifecycleMapping lifecycle mapping for MavenProject: co.com.sanclemente.service.resolveEnigmaApi:resolve-enigma-ap-2:1.0.0 @ /Users/mac20/Documents/Jurgen/Universidad/semestre 6/Servicios/parcial1/parcial/ResolveEnigmaAp2/pom.xml.
2024-03-05 23:51:04,423 [Worker-25: Building] INFO  o.e.m.c.i.embedder.EclipseLogger - Using 'UTF-8' encoding to copy filtered resources.
2024-03-05 23:51:04,425 [Worker-25: Building] INFO  o.e.m.c.i.embedder.EclipseLogger - Copying 0 resource
2024-03-05 23:51:04,425 [Worker-25: Building] INFO  o.e.m.c.i.embedder.EclipseLogger - Copying 0 resource
2024-03-05 23:51:04,431 [Worker-25: Building] INFO  o.e.m.c.i.embedder.EclipseLogger - Using 'UTF-8' encoding to copy filtered resources.
2024-03-05 23:51:04,432 [Worker-25: Building] INFO  o.e.m.c.i.embedder.EclipseLogger - skip non existing resourceDirectory /Users/mac20/Documents/Jurgen/Universidad/semestre 6/Servicios/parcial1/parcial/ResolveEnigmaAp2/src/test/resources
2024-03-05 23:51:11,861 [Worker-17: Updating Maven Project] INFO  o.e.m.c.i.p.ProjectConfigurationManager - Update started
2024-03-05 23:51:11,948 [Worker-17: Updating Maven Project] INFO  o.e.m.c.i.l.LifecycleMappingFactory - Using org.eclipse.m2e.jdt.JarLifecycleMapping lifecycle mapping for MavenProject: co.com.sanclemente.service.resolveEnigmaApi:resolve-enigma-ap-2:1.0.0 @ /Users/mac20/Documents/Jurgen/Universidad/semestre 6/Servicios/parcial1/parcial/ResolveEnigmaAp2/pom.xml.
2024-03-05 23:51:12,310 [Worker-17: Updating Maven Project] INFO  o.e.m.j.i.AbstractJavaProjectConfigurator - Adding source folder /ResolveEnigmaAp2/src/main/java
2024-03-05 23:51:12,310 [Worker-17: Updating Maven Project] INFO  o.e.m.j.i.AbstractJavaProjectConfigurator - Adding resource folder /ResolveEnigmaAp2/src/main/resources
2024-03-05 23:51:12,310 [Worker-17: Updating Maven Project] INFO  o.e.m.j.i.AbstractJavaProjectConfigurator - Adding resource folder /ResolveEnigmaAp2/src/main/resources
2024-03-05 23:51:12,311 [Worker-17: Updating Maven Project] INFO  o.e.m.j.i.AbstractJavaProjectConfigurator - Adding source folder /ResolveEnigmaAp2/src/test/java
2024-03-05 23:51:12,312 [Worker-17: Updating Maven Project] INFO  o.e.m.j.i.AbstractJavaProjectConfigurator - Adding resource folder /ResolveEnigmaAp2/src/test/resources
2024-03-05 23:51:12,475 [Worker-17: Updating Maven Project] INFO  o.e.m.c.i.p.ProjectConfigurationManager - Update completed for 1 poms: local refresh takes 0.00 sec, refresh facades takes 0.00 sec, update config takes 0.00 sec 
2024-03-05 23:51:12,826 [Worker-25: Building] INFO  o.e.m.c.i.embedder.EclipseLogger - Using 'UTF-8' encoding to copy filtered resources.
2024-03-05 23:51:12,826 [Worker-25: Building] INFO  o.e.m.c.i.embedder.EclipseLogger - Copying 1 resource
2024-03-05 23:51:12,842 [Worker-25: Building] INFO  o.e.m.c.i.embedder.EclipseLogger - Copying 0 resource
2024-03-05 23:51:12,847 [Worker-25: Building] INFO  o.e.m.c.i.embedder.EclipseLogger - Using 'UTF-8' encoding to copy filtered resources.
2024-03-05 23:51:12,847 [Worker-25: Building] INFO  o.e.m.c.i.embedder.EclipseLogger - skip non existing resourceDirectory /Users/mac20/Documents/Jurgen/Universidad/semestre 6/Servicios/parcial1/parcial/ResolveEnigmaAp2/src/test/resources
2024-03-05 23:51:47,628 [Worker-17: Building] INFO  o.e.m.c.i.l.LifecycleMappingFactory - Using org.eclipse.m2e.jdt.JarLifecycleMapping lifecycle mapping for MavenProject: co.com.sanclemente.service.resolveEnigmaApi:resolve-enigma-ap:1.0.0 @ /Users/mac20/Documents/Jurgen/Universidad/semestre 6/Servicios/parcial1/parcial/ResolveEnigmaAp2/pom.xml.
2024-03-05 23:51:47,860 [Worker-17: Building] INFO  o.e.m.c.i.embedder.EclipseLogger - Using 'UTF-8' encoding to copy filtered resources.
2024-03-05 23:51:47,862 [Worker-17: Building] INFO  o.e.m.c.i.embedder.EclipseLogger - Copying 0 resource
2024-03-05 23:51:47,863 [Worker-17: Building] INFO  o.e.m.c.i.embedder.EclipseLogger - Copying 0 resource
2024-03-05 23:51:47,868 [Worker-17: Building] INFO  o.e.m.c.i.embedder.EclipseLogger - Using 'UTF-8' encoding to copy filtered resources.
2024-03-05 23:51:47,868 [Worker-17: Building] INFO  o.e.m.c.i.embedder.EclipseLogger - skip non existing resourceDirectory /Users/mac20/Documents/Jurgen/Universidad/semestre 6/Servicios/parcial1/parcial/ResolveEnigmaAp2/src/test/resources
2024-03-05 23:52:01,404 [Worker-19: Updating Maven Project] INFO  o.e.m.c.i.p.ProjectConfigurationManager - Update started
2024-03-05 23:52:01,489 [Worker-19: Updating Maven Project] INFO  o.e.m.c.i.l.LifecycleMappingFactory - Using org.eclipse.m2e.jdt.JarLifecycleMapping lifecycle mapping for MavenProject: co.com.sanclemente.service.resolveEnigmaApi:resolve-enigma-ap:1.0.0 @ /Users/mac20/Documents/Jurgen/Universidad/semestre 6/Servicios/parcial1/parcial/ResolveEnigmaAp2/pom.xml.
2024-03-05 23:52:01,824 [Worker-19: Updating Maven Project] INFO  o.e.m.j.i.AbstractJavaProjectConfigurator - Adding source folder /ResolveEnigmaAp2/src/main/java
2024-03-05 23:52:01,824 [Worker-19: Updating Maven Project] INFO  o.e.m.j.i.AbstractJavaProjectConfigurator - Adding resource folder /ResolveEnigmaAp2/src/main/resources
2024-03-05 23:52:01,825 [Worker-19: Updating Maven Project] INFO  o.e.m.j.i.AbstractJavaProjectConfigurator - Adding resource folder /ResolveEnigmaAp2/src/main/resources
2024-03-05 23:52:01,825 [Worker-19: Updating Maven Project] INFO  o.e.m.j.i.AbstractJavaProjectConfigurator - Adding source folder /ResolveEnigmaAp2/src/test/java
2024-03-05 23:52:01,826 [Worker-19: Updating Maven Project] INFO  o.e.m.j.i.AbstractJavaProjectConfigurator - Adding resource folder /ResolveEnigmaAp2/src/test/resources
2024-03-05 23:52:01,972 [Worker-19: Updating Maven Project] INFO  o.e.m.c.i.p.ProjectConfigurationManager - Update completed for 1 poms: local refresh takes 0.00 sec, refresh facades takes 0.00 sec, update config takes 0.00 sec 
2024-03-05 23:52:02,331 [Worker-21: Building] INFO  o.e.m.c.i.embedder.EclipseLogger - Using 'UTF-8' encoding to copy filtered resources.
2024-03-05 23:52:02,331 [Worker-21: Building] INFO  o.e.m.c.i.embedder.EclipseLogger - Copying 1 resource
2024-03-05 23:52:02,344 [Worker-21: Building] INFO  o.e.m.c.i.embedder.EclipseLogger - Copying 0 resource
2024-03-05 23:52:02,355 [Worker-21: Building] INFO  o.e.m.c.i.embedder.EclipseLogger - Using 'UTF-8' encoding to copy filtered resources.
2024-03-05 23:52:02,356 [Worker-21: Building] INFO  o.e.m.c.i.embedder.EclipseLogger - skip non existing resourceDirectory /Users/mac20/Documents/Jurgen/Universidad/semestre 6/Servicios/parcial1/parcial/ResolveEnigmaAp2/src/test/resources
2024-03-05 23:52:16,599 [Worker-21: Updating Maven Project] INFO  o.e.m.c.i.p.ProjectConfigurationManager - Update started
2024-03-05 23:52:16,670 [Worker-21: Updating Maven Project] INFO  o.e.m.c.i.l.LifecycleMappingFactory - Using org.eclipse.m2e.jdt.JarLifecycleMapping lifecycle mapping for MavenProject: co.com.sanclemente.service.resolveEnigmaApi:resolve-enigma-ap:1.0.0 @ /Users/mac20/Documents/Jurgen/Universidad/semestre 6/Servicios/parcial1/parcial/ResolveEnigmaAp2/pom.xml.
2024-03-05 23:52:16,935 [Worker-21: Updating Maven Project] INFO  o.e.m.j.i.AbstractJavaProjectConfigurator - Adding source folder /ResolveEnigmaAp2/src/main/java
2024-03-05 23:52:16,935 [Worker-21: Updating Maven Project] INFO  o.e.m.j.i.AbstractJavaProjectConfigurator - Adding resource folder /ResolveEnigmaAp2/src/main/resources
2024-03-05 23:52:16,936 [Worker-21: Updating Maven Project] INFO  o.e.m.j.i.AbstractJavaProjectConfigurator - Adding resource folder /ResolveEnigmaAp2/src/main/resources
2024-03-05 23:52:16,936 [Worker-21: Updating Maven Project] INFO  o.e.m.j.i.AbstractJavaProjectConfigurator - Adding source folder /ResolveEnigmaAp2/src/test/java
2024-03-05 23:52:16,936 [Worker-21: Updating Maven Project] INFO  o.e.m.j.i.AbstractJavaProjectConfigurator - Adding resource folder /ResolveEnigmaAp2/src/test/resources
2024-03-05 23:52:17,060 [Worker-21: Updating Maven Project] INFO  o.e.m.c.i.p.ProjectConfigurationManager - Update completed for 1 poms: local refresh takes 0.00 sec, refresh facades takes 0.00 sec, update config takes 0.00 sec 
2024-03-05 23:52:17,391 [Worker-24: Building] INFO  o.e.m.c.i.embedder.EclipseLogger - Using 'UTF-8' encoding to copy filtered resources.
2024-03-05 23:52:17,392 [Worker-24: Building] INFO  o.e.m.c.i.embedder.EclipseLogger - Copying 1 resource
2024-03-05 23:52:17,404 [Worker-24: Building] INFO  o.e.m.c.i.embedder.EclipseLogger - Copying 0 resource
2024-03-05 23:52:17,410 [Worker-24: Building] INFO  o.e.m.c.i.embedder.EclipseLogger - Using 'UTF-8' encoding to copy filtered resources.
2024-03-05 23:52:17,410 [Worker-24: Building] INFO  o.e.m.c.i.embedder.EclipseLogger - skip non existing resourceDirectory /Users/mac20/Documents/Jurgen/Universidad/semestre 6/Servicios/parcial1/parcial/ResolveEnigmaAp2/src/test/resources
2024-03-05 23:53:33,133 [Worker-24: Building] INFO  o.e.m.c.i.l.LifecycleMappingFactory - Using org.eclipse.m2e.jdt.JarLifecycleMapping lifecycle mapping for MavenProject: co.com.sanclemente.service.resolveEnigmaApi:ResolveEnigmaAp2:1.0.0 @ /Users/mac20/Documents/Jurgen/Universidad/semestre 6/Servicios/parcial1/parcial/ResolveEnigmaAp2/pom.xml.
2024-03-05 23:53:33,399 [Worker-24: Building] INFO  o.e.m.c.i.embedder.EclipseLogger - Using 'UTF-8' encoding to copy filtered resources.
2024-03-05 23:53:33,400 [Worker-24: Building] INFO  o.e.m.c.i.embedder.EclipseLogger - Copying 0 resource
2024-03-05 23:53:33,401 [Worker-24: Building] INFO  o.e.m.c.i.embedder.EclipseLogger - Copying 0 resource
2024-03-05 23:53:33,405 [Worker-24: Building] INFO  o.e.m.c.i.embedder.EclipseLogger - Using 'UTF-8' encoding to copy filtered resources.
2024-03-05 23:53:33,405 [Worker-24: Building] INFO  o.e.m.c.i.embedder.EclipseLogger - skip non existing resourceDirectory /Users/mac20/Documents/Jurgen/Universidad/semestre 6/Servicios/parcial1/parcial/ResolveEnigmaAp2/src/test/resources
2024-03-05 23:53:39,838 [Worker-23: Updating Maven Project] INFO  o.e.m.c.i.p.ProjectConfigurationManager - Update started
2024-03-05 23:53:39,910 [Worker-23: Updating Maven Project] INFO  o.e.m.c.i.l.LifecycleMappingFactory - Using org.eclipse.m2e.jdt.JarLifecycleMapping lifecycle mapping for MavenProject: co.com.sanclemente.service.resolveEnigmaApi:ResolveEnigmaAp2:1.0.0 @ /Users/mac20/Documents/Jurgen/Universidad/semestre 6/Servicios/parcial1/parcial/ResolveEnigmaAp2/pom.xml.
2024-03-05 23:53:40,184 [Worker-23: Updating Maven Project] INFO  o.e.m.j.i.AbstractJavaProjectConfigurator - Adding source folder /ResolveEnigmaAp2/src/main/java
2024-03-05 23:53:40,184 [Worker-23: Updating Maven Project] INFO  o.e.m.j.i.AbstractJavaProjectConfigurator - Adding resource folder /ResolveEnigmaAp2/src/main/resources
2024-03-05 23:53:40,185 [Worker-23: Updating Maven Project] INFO  o.e.m.j.i.AbstractJavaProjectConfigurator - Adding resource folder /ResolveEnigmaAp2/src/main/resources
2024-03-05 23:53:40,185 [Worker-23: Updating Maven Project] INFO  o.e.m.j.i.AbstractJavaProjectConfigurator - Adding source folder /ResolveEnigmaAp2/src/test/java
2024-03-05 23:53:40,185 [Worker-23: Updating Maven Project] INFO  o.e.m.j.i.AbstractJavaProjectConfigurator - Adding resource folder /ResolveEnigmaAp2/src/test/resources
2024-03-05 23:53:40,315 [Worker-23: Updating Maven Project] INFO  o.e.m.c.i.p.ProjectConfigurationManager - Update completed for 1 poms: local refresh takes 0.00 sec, refresh facades takes 0.00 sec, update config takes 0.00 sec 
2024-03-05 23:53:40,636 [Worker-21: Building] INFO  o.e.m.c.i.embedder.EclipseLogger - Using 'UTF-8' encoding to copy filtered resources.
2024-03-05 23:53:40,636 [Worker-21: Building] INFO  o.e.m.c.i.embedder.EclipseLogger - Copying 1 resource
2024-03-05 23:53:40,680 [Worker-21: Building] INFO  o.e.m.c.i.embedder.EclipseLogger - Copying 0 resource
2024-03-05 23:53:40,689 [Worker-21: Building] INFO  o.e.m.c.i.embedder.EclipseLogger - Using 'UTF-8' encoding to copy filtered resources.
2024-03-05 23:53:40,690 [Worker-21: Building] INFO  o.e.m.c.i.embedder.EclipseLogger - skip non existing resourceDirectory /Users/mac20/Documents/Jurgen/Universidad/semestre 6/Servicios/parcial1/parcial/ResolveEnigmaAp2/src/test/resources
2024-03-05 23:53:57,357 [Worker-18: Building] INFO  o.e.m.c.i.l.LifecycleMappingFactory - Using org.eclipse.m2e.jdt.JarLifecycleMapping lifecycle mapping for MavenProject: co.com.sanclemente.service.resolveEnigmaApi:resolve-enigma-ap-2:1.0.0 @ /Users/mac20/Documents/Jurgen/Universidad/semestre 6/Servicios/parcial1/parcial/ResolveEnigmaAp2/pom.xml.
2024-03-05 23:53:57,552 [Worker-18: Building] INFO  o.e.m.c.i.embedder.EclipseLogger - Using 'UTF-8' encoding to copy filtered resources.
2024-03-05 23:53:57,553 [Worker-18: Building] INFO  o.e.m.c.i.embedder.EclipseLogger - Copying 0 resource
2024-03-05 23:53:57,554 [Worker-18: Building] INFO  o.e.m.c.i.embedder.EclipseLogger - Copying 0 resource
2024-03-05 23:53:57,558 [Worker-18: Building] INFO  o.e.m.c.i.embedder.EclipseLogger - Using 'UTF-8' encoding to copy filtered resources.
2024-03-05 23:53:57,558 [Worker-18: Building] INFO  o.e.m.c.i.embedder.EclipseLogger - skip non existing resourceDirectory /Users/mac20/Documents/Jurgen/Universidad/semestre 6/Servicios/parcial1/parcial/ResolveEnigmaAp2/src/test/resources
2024-03-05 23:53:59,018 [Worker-18: Building] INFO  o.e.m.c.i.l.LifecycleMappingFactory - Using org.eclipse.m2e.jdt.JarLifecycleMapping lifecycle mapping for MavenProject: co.com.sanclemente.service.resolveEnigmaApi:ResolveEnigmaAp2:1.0.0 @ /Users/mac20/Documents/Jurgen/Universidad/semestre 6/Servicios/parcial1/parcial/ResolveEnigmaAp2/pom.xml.
2024-03-05 23:53:59,175 [Worker-18: Building] INFO  o.e.m.c.i.embedder.EclipseLogger - Using 'UTF-8' encoding to copy filtered resources.
2024-03-05 23:53:59,176 [Worker-18: Building] INFO  o.e.m.c.i.embedder.EclipseLogger - Copying 0 resource
2024-03-05 23:53:59,177 [Worker-18: Building] INFO  o.e.m.c.i.embedder.EclipseLogger - Copying 0 resource
2024-03-05 23:53:59,180 [Worker-18: Building] INFO  o.e.m.c.i.embedder.EclipseLogger - Using 'UTF-8' encoding to copy filtered resources.
2024-03-05 23:53:59,180 [Worker-18: Building] INFO  o.e.m.c.i.embedder.EclipseLogger - skip non existing resourceDirectory /Users/mac20/Documents/Jurgen/Universidad/semestre 6/Servicios/parcial1/parcial/ResolveEnigmaAp2/src/test/resources
2024-03-05 23:54:08,130 [Worker-26: Building] INFO  o.e.m.c.i.l.LifecycleMappingFactory - Using org.eclipse.m2e.jdt.JarLifecycleMapping lifecycle mapping for MavenProject: co.com.sanclemente.service.resolveEnigmaApi::1.0.0 @ /Users/mac20/Documents/Jurgen/Universidad/semestre 6/Servicios/parcial1/parcial/ResolveEnigmaAp2/pom.xml.
2024-03-05 23:54:08,405 [Worker-26: Building] INFO  o.e.m.c.i.embedder.EclipseLogger - Using 'UTF-8' encoding to copy filtered resources.
2024-03-05 23:54:08,406 [Worker-26: Building] INFO  o.e.m.c.i.embedder.EclipseLogger - Copying 0 resource
2024-03-05 23:54:08,407 [Worker-26: Building] INFO  o.e.m.c.i.embedder.EclipseLogger - Copying 0 resource
2024-03-05 23:54:08,410 [Worker-26: Building] INFO  o.e.m.c.i.embedder.EclipseLogger - Using 'UTF-8' encoding to copy filtered resources.
2024-03-05 23:54:08,411 [Worker-26: Building] INFO  o.e.m.c.i.embedder.EclipseLogger - skip non existing resourceDirectory /Users/mac20/Documents/Jurgen/Universidad/semestre 6/Servicios/parcial1/parcial/ResolveEnigmaAp2/src/test/resources
2024-03-05 23:54:16,087 [Worker-23: Building] INFO  o.e.m.c.i.l.LifecycleMappingFactory - Using org.eclipse.m2e.jdt.JarLifecycleMapping lifecycle mapping for MavenProject: co.com.sanclemente.service.resolveEnigmaApi:resolve-enigma-ap2:1.0.0 @ /Users/mac20/Documents/Jurgen/Universidad/semestre 6/Servicios/parcial1/parcial/ResolveEnigmaAp2/pom.xml.
2024-03-05 23:54:16,246 [Worker-23: Building] INFO  o.e.m.c.i.embedder.EclipseLogger - Using 'UTF-8' encoding to copy filtered resources.
2024-03-05 23:54:16,248 [Worker-23: Building] INFO  o.e.m.c.i.embedder.EclipseLogger - Copying 0 resource
2024-03-05 23:54:16,249 [Worker-23: Building] INFO  o.e.m.c.i.embedder.EclipseLogger - Copying 0 resource
2024-03-05 23:54:16,253 [Worker-23: Building] INFO  o.e.m.c.i.embedder.EclipseLogger - Using 'UTF-8' encoding to copy filtered resources.
2024-03-05 23:54:16,253 [Worker-23: Building] INFO  o.e.m.c.i.embedder.EclipseLogger - skip non existing resourceDirectory /Users/mac20/Documents/Jurgen/Universidad/semestre 6/Servicios/parcial1/parcial/ResolveEnigmaAp2/src/test/resources
2024-03-05 23:54:55,509 [Worker-20: Building] INFO  o.e.m.c.i.embedder.EclipseLogger - Using 'UTF-8' encoding to copy filtered resources.
2024-03-05 23:54:55,509 [Worker-20: Building] INFO  o.e.m.c.i.embedder.EclipseLogger - Copying 1 resource
2024-03-05 23:54:55,518 [Worker-20: Building] INFO  o.e.m.c.i.embedder.EclipseLogger - Copying 0 resource
2024-03-05 23:54:55,520 [Worker-20: Building] INFO  o.e.m.c.i.embedder.EclipseLogger - Using 'UTF-8' encoding to copy filtered resources.
2024-03-05 23:54:55,521 [Worker-20: Building] INFO  o.e.m.c.i.embedder.EclipseLogger - skip non existing resourceDirectory /Users/mac20/Documents/Jurgen/Universidad/semestre 6/Servicios/parcial1/parcial/ResolveEnigmaAp2/src/test/resources
2024-03-05 23:55:02,665 [Worker-23: Building] INFO  o.e.m.c.i.embedder.EclipseLogger - Using 'UTF-8' encoding to copy filtered resources.
2024-03-05 23:55:02,666 [Worker-23: Building] INFO  o.e.m.c.i.embedder.EclipseLogger - Copying 1 resource
2024-03-05 23:55:02,667 [Worker-23: Building] INFO  o.e.m.c.i.embedder.EclipseLogger - Copying 0 resource
2024-03-05 23:55:02,670 [Worker-23: Building] INFO  o.e.m.c.i.embedder.EclipseLogger - Using 'UTF-8' encoding to copy filtered resources.
2024-03-05 23:55:02,670 [Worker-23: Building] INFO  o.e.m.c.i.embedder.EclipseLogger - skip non existing resourceDirectory /Users/mac20/Documents/Jurgen/Universidad/semestre 6/Servicios/parcial1/parcial/ResolveEnigmaAp2/src/test/resources
2024-03-05 23:55:14,402 [Worker-18: Updating Maven Project] INFO  o.e.m.c.i.p.ProjectConfigurationManager - Update started
2024-03-05 23:55:14,480 [Worker-18: Updating Maven Project] INFO  o.e.m.c.i.l.LifecycleMappingFactory - Using org.eclipse.m2e.jdt.JarLifecycleMapping lifecycle mapping for MavenProject: co.com.sanclemente.service.resolveEnigmaApi:ResolveEnigmaAp2:1.0.0 @ /Users/mac20/Documents/Jurgen/Universidad/semestre 6/Servicios/parcial1/parcial/ResolveEnigmaAp2/pom.xml.
2024-03-05 23:55:14,767 [Worker-18: Updating Maven Project] INFO  o.e.m.j.i.AbstractJavaProjectConfigurator - Adding source folder /ResolveEnigmaAp2/src/main/java
2024-03-05 23:55:14,767 [Worker-18: Updating Maven Project] INFO  o.e.m.j.i.AbstractJavaProjectConfigurator - Adding resource folder /ResolveEnigmaAp2/src/main/resources
2024-03-05 23:55:14,767 [Worker-18: Updating Maven Project] INFO  o.e.m.j.i.AbstractJavaProjectConfigurator - Adding resource folder /ResolveEnigmaAp2/src/main/resources
2024-03-05 23:55:14,768 [Worker-18: Updating Maven Project] INFO  o.e.m.j.i.AbstractJavaProjectConfigurator - Adding source folder /ResolveEnigmaAp2/src/test/java
2024-03-05 23:55:14,768 [Worker-18: Updating Maven Project] INFO  o.e.m.j.i.AbstractJavaProjectConfigurator - Adding resource folder /ResolveEnigmaAp2/src/test/resources
2024-03-05 23:55:14,883 [Worker-18: Updating Maven Project] INFO  o.e.m.c.i.p.ProjectConfigurationManager - Update completed for 1 poms: local refresh takes 0.00 sec, refresh facades takes 0.00 sec, update config takes 0.00 sec 
2024-03-05 23:55:15,245 [Worker-25: Building] INFO  o.e.m.c.i.embedder.EclipseLogger - Using 'UTF-8' encoding to copy filtered resources.
2024-03-05 23:55:15,245 [Worker-25: Building] INFO  o.e.m.c.i.embedder.EclipseLogger - Copying 1 resource
2024-03-05 23:55:15,260 [Worker-25: Building] INFO  o.e.m.c.i.embedder.EclipseLogger - Copying 0 resource
2024-03-05 23:55:15,266 [Worker-25: Building] INFO  o.e.m.c.i.embedder.EclipseLogger - Using 'UTF-8' encoding to copy filtered resources.
2024-03-05 23:55:15,267 [Worker-25: Building] INFO  o.e.m.c.i.embedder.EclipseLogger - skip non existing resourceDirectory /Users/mac20/Documents/Jurgen/Universidad/semestre 6/Servicios/parcial1/parcial/ResolveEnigmaAp2/src/test/resources
2024-03-05 23:55:29,151 [Worker-17: Building] INFO  o.e.m.c.i.embedder.EclipseLogger - Using 'UTF-8' encoding to copy filtered resources.
2024-03-05 23:55:29,153 [Worker-17: Building] INFO  o.e.m.c.i.embedder.EclipseLogger - Copying 1 resource
2024-03-05 23:55:29,154 [Worker-17: Building] INFO  o.e.m.c.i.embedder.EclipseLogger - Copying 0 resource
2024-03-05 23:55:29,157 [Worker-17: Building] INFO  o.e.m.c.i.embedder.EclipseLogger - Using 'UTF-8' encoding to copy filtered resources.
2024-03-05 23:55:29,157 [Worker-17: Building] INFO  o.e.m.c.i.embedder.EclipseLogger - skip non existing resourceDirectory /Users/mac20/Documents/Jurgen/Universidad/semestre 6/Servicios/parcial1/parcial/ResolveEnigmaAp2/src/test/resources
2024-03-05 23:55:32,970 [Worker-21: Building] INFO  o.e.m.c.i.embedder.EclipseLogger - Using 'UTF-8' encoding to copy filtered resources.
2024-03-05 23:55:32,971 [Worker-21: Building] INFO  o.e.m.c.i.embedder.EclipseLogger - Copying 1 resource
2024-03-05 23:55:32,972 [Worker-21: Building] INFO  o.e.m.c.i.embedder.EclipseLogger - Copying 0 resource
2024-03-05 23:55:32,974 [Worker-21: Building] INFO  o.e.m.c.i.embedder.EclipseLogger - Using 'UTF-8' encoding to copy filtered resources.
2024-03-05 23:55:32,974 [Worker-21: Building] INFO  o.e.m.c.i.embedder.EclipseLogger - skip non existing resourceDirectory /Users/mac20/Documents/Jurgen/Universidad/semestre 6/Servicios/parcial1/parcial/ResolveEnigmaAp2/src/test/resources
2024-03-05 23:59:04,576 [Worker-27: Building] INFO  o.e.m.c.i.embedder.EclipseLogger - Using 'UTF-8' encoding to copy filtered resources.
2024-03-05 23:59:04,577 [Worker-27: Building] INFO  o.e.m.c.i.embedder.EclipseLogger - Copying 1 resource
2024-03-05 23:59:04,578 [Worker-27: Building] INFO  o.e.m.c.i.embedder.EclipseLogger - Copying 0 resource
2024-03-05 23:59:04,580 [Worker-27: Building] INFO  o.e.m.c.i.embedder.EclipseLogger - Using 'UTF-8' encoding to copy filtered resources.
2024-03-05 23:59:04,581 [Worker-27: Building] INFO  o.e.m.c.i.embedder.EclipseLogger - skip non existing resourceDirectory /Users/mac20/Documents/Jurgen/Universidad/semestre 6/Servicios/parcial1/parcial/ResolveEnigmaAp2/src/test/resources
2024-03-05 23:59:28,876 [Worker-17: Updating Maven Project] INFO  o.e.m.c.i.p.ProjectConfigurationManager - Update started
2024-03-05 23:59:28,950 [Worker-17: Updating Maven Project] INFO  o.e.m.c.i.l.LifecycleMappingFactory - Using org.eclipse.m2e.jdt.JarLifecycleMapping lifecycle mapping for MavenProject: co.com.sanclemente.service.resolveEnigmaApi:ResolveEnigmaAp2:1.0.0 @ /Users/mac20/Documents/Jurgen/Universidad/semestre 6/Servicios/parcial1/parcial/ResolveEnigmaAp2/pom.xml.
2024-03-05 23:59:29,197 [Worker-17: Updating Maven Project] INFO  o.e.m.j.i.AbstractJavaProjectConfigurator - Adding source folder /ResolveEnigmaAp2/src/main/java
2024-03-05 23:59:29,197 [Worker-17: Updating Maven Project] INFO  o.e.m.j.i.AbstractJavaProjectConfigurator - Adding resource folder /ResolveEnigmaAp2/src/main/resources
2024-03-05 23:59:29,197 [Worker-17: Updating Maven Project] INFO  o.e.m.j.i.AbstractJavaProjectConfigurator - Adding resource folder /ResolveEnigmaAp2/src/main/resources
2024-03-05 23:59:29,198 [Worker-17: Updating Maven Project] INFO  o.e.m.j.i.AbstractJavaProjectConfigurator - Adding source folder /ResolveEnigmaAp2/src/test/java
2024-03-05 23:59:29,198 [Worker-17: Updating Maven Project] INFO  o.e.m.j.i.AbstractJavaProjectConfigurator - Adding resource folder /ResolveEnigmaAp2/src/test/resources
2024-03-05 23:59:29,315 [Worker-17: Updating Maven Project] INFO  o.e.m.c.i.p.ProjectConfigurationManager - Update completed for 1 poms: local refresh takes 0.00 sec, refresh facades takes 0.00 sec, update config takes 0.00 sec 
2024-03-05 23:59:29,650 [Worker-29: Building] INFO  o.e.m.c.i.embedder.EclipseLogger - Using 'UTF-8' encoding to copy filtered resources.
2024-03-05 23:59:29,650 [Worker-29: Building] INFO  o.e.m.c.i.embedder.EclipseLogger - Copying 1 resource
2024-03-05 23:59:29,664 [Worker-29: Building] INFO  o.e.m.c.i.embedder.EclipseLogger - Copying 0 resource
2024-03-05 23:59:29,669 [Worker-29: Building] INFO  o.e.m.c.i.embedder.EclipseLogger - Using 'UTF-8' encoding to copy filtered resources.
2024-03-05 23:59:29,669 [Worker-29: Building] INFO  o.e.m.c.i.embedder.EclipseLogger - skip non existing resourceDirectory /Users/mac20/Documents/Jurgen/Universidad/semestre 6/Servicios/parcial1/parcial/ResolveEnigmaAp2/src/test/resources
2024-03-05 23:59:49,539 [Worker-31: Building] INFO  o.e.m.c.i.embedder.EclipseLogger - Using 'UTF-8' encoding to copy filtered resources.
2024-03-05 23:59:49,540 [Worker-31: Building] INFO  o.e.m.c.i.embedder.EclipseLogger - Copying 1 resource
2024-03-05 23:59:49,542 [Worker-31: Building] INFO  o.e.m.c.i.embedder.EclipseLogger - Copying 0 resource
2024-03-05 23:59:49,544 [Worker-31: Building] INFO  o.e.m.c.i.embedder.EclipseLogger - Using 'UTF-8' encoding to copy filtered resources.
2024-03-05 23:59:49,544 [Worker-31: Building] INFO  o.e.m.c.i.embedder.EclipseLogger - skip non existing resourceDirectory /Users/mac20/Documents/Jurgen/Universidad/semestre 6/Servicios/parcial1/parcial/ResolveEnigmaAp2/src/test/resources
2024-03-06 00:02:28,442 [Worker-33: Building] INFO  o.e.m.c.i.embedder.EclipseLogger - Using 'UTF-8' encoding to copy filtered resources.
2024-03-06 00:02:28,443 [Worker-33: Building] INFO  o.e.m.c.i.embedder.EclipseLogger - Copying 1 resource
2024-03-06 00:02:28,444 [Worker-33: Building] INFO  o.e.m.c.i.embedder.EclipseLogger - Copying 0 resource
2024-03-06 00:02:28,446 [Worker-33: Building] INFO  o.e.m.c.i.embedder.EclipseLogger - Using 'UTF-8' encoding to copy filtered resources.
2024-03-06 00:02:28,446 [Worker-33: Building] INFO  o.e.m.c.i.embedder.EclipseLogger - skip non existing resourceDirectory /Users/mac20/Documents/Jurgen/Universidad/semestre 6/Servicios/parcial1/parcial/ResolveEnigmaAp2/src/test/resources
2024-03-06 00:02:36,978 [Worker-34: Updating Maven Project] INFO  o.e.m.c.i.p.ProjectConfigurationManager - Update started
2024-03-06 00:02:37,076 [Worker-34: Updating Maven Project] INFO  o.e.m.c.i.l.LifecycleMappingFactory - Using org.eclipse.m2e.jdt.JarLifecycleMapping lifecycle mapping for MavenProject: co.com.sanclemente.service.resolveEnigmaApi:ResolveEnigmaAp2:1.0.0 @ /Users/mac20/Documents/Jurgen/Universidad/semestre 6/Servicios/parcial1/parcial/ResolveEnigmaAp2/pom.xml.
2024-03-06 00:02:37,398 [Worker-34: Updating Maven Project] INFO  o.e.m.j.i.AbstractJavaProjectConfigurator - Adding source folder /ResolveEnigmaAp2/src/main/java
2024-03-06 00:02:37,398 [Worker-34: Updating Maven Project] INFO  o.e.m.j.i.AbstractJavaProjectConfigurator - Adding resource folder /ResolveEnigmaAp2/src/main/resources
2024-03-06 00:02:37,399 [Worker-34: Updating Maven Project] INFO  o.e.m.j.i.AbstractJavaProjectConfigurator - Adding resource folder /ResolveEnigmaAp2/src/main/resources
2024-03-06 00:02:37,399 [Worker-34: Updating Maven Project] INFO  o.e.m.j.i.AbstractJavaProjectConfigurator - Adding source folder /ResolveEnigmaAp2/src/test/java
2024-03-06 00:02:37,399 [Worker-34: Updating Maven Project] INFO  o.e.m.j.i.AbstractJavaProjectConfigurator - Adding resource folder /ResolveEnigmaAp2/src/test/resources
2024-03-06 00:02:37,528 [Worker-34: Updating Maven Project] INFO  o.e.m.c.i.p.ProjectConfigurationManager - Update completed for 1 poms: local refresh takes 0.00 sec, refresh facades takes 0.00 sec, update config takes 0.00 sec 
2024-03-06 00:02:37,827 [Worker-34: Building] INFO  o.e.m.c.i.embedder.EclipseLogger - Using 'UTF-8' encoding to copy filtered resources.
2024-03-06 00:02:37,828 [Worker-34: Building] INFO  o.e.m.c.i.embedder.EclipseLogger - Copying 1 resource
2024-03-06 00:02:37,843 [Worker-34: Building] INFO  o.e.m.c.i.embedder.EclipseLogger - Copying 0 resource
2024-03-06 00:02:37,848 [Worker-34: Building] INFO  o.e.m.c.i.embedder.EclipseLogger - Using 'UTF-8' encoding to copy filtered resources.
2024-03-06 00:02:37,848 [Worker-34: Building] INFO  o.e.m.c.i.embedder.EclipseLogger - skip non existing resourceDirectory /Users/mac20/Documents/Jurgen/Universidad/semestre 6/Servicios/parcial1/parcial/ResolveEnigmaAp2/src/test/resources
2024-03-06 00:02:52,818 [Worker-17: Building] INFO  o.e.m.c.i.embedder.EclipseLogger - Using 'UTF-8' encoding to copy filtered resources.
2024-03-06 00:02:52,819 [Worker-17: Building] INFO  o.e.m.c.i.embedder.EclipseLogger - Copying 1 resource
2024-03-06 00:02:52,821 [Worker-17: Building] INFO  o.e.m.c.i.embedder.EclipseLogger - Copying 0 resource
2024-03-06 00:02:52,824 [Worker-17: Building] INFO  o.e.m.c.i.embedder.EclipseLogger - Using 'UTF-8' encoding to copy filtered resources.
2024-03-06 00:02:52,825 [Worker-17: Building] INFO  o.e.m.c.i.embedder.EclipseLogger - skip non existing resourceDirectory /Users/mac20/Documents/Jurgen/Universidad/semestre 6/Servicios/parcial1/parcial/ResolveEnigmaAp2/src/test/resources
2024-03-06 00:03:37,112 [Worker-33: Building] INFO  o.e.m.c.i.l.LifecycleMappingFactory - Using org.eclipse.m2e.jdt.JarLifecycleMapping lifecycle mapping for MavenProject: co.com.sanclemente.service.resolveEnigmaApi:ResolveEnigmaAp2:1.0.0 @ /Users/mac20/Documents/Jurgen/Universidad/semestre 6/Servicios/parcial1/parcial/ResolveEnigmaAp2/pom.xml.
2024-03-06 00:03:37,371 [Worker-33: Building] INFO  o.e.m.c.i.embedder.EclipseLogger - Using 'UTF-8' encoding to copy filtered resources.
2024-03-06 00:03:37,372 [Worker-33: Building] INFO  o.e.m.c.i.embedder.EclipseLogger - Copying 0 resource
2024-03-06 00:03:37,373 [Worker-33: Building] INFO  o.e.m.c.i.embedder.EclipseLogger - Copying 0 resource
2024-03-06 00:03:37,376 [Worker-33: Building] INFO  o.e.m.c.i.embedder.EclipseLogger - Using 'UTF-8' encoding to copy filtered resources.
2024-03-06 00:03:37,376 [Worker-33: Building] INFO  o.e.m.c.i.embedder.EclipseLogger - skip non existing resourceDirectory /Users/mac20/Documents/Jurgen/Universidad/semestre 6/Servicios/parcial1/parcial/ResolveEnigmaAp2/src/test/resources
2024-03-06 00:03:39,679 [Worker-32: Building] INFO  o.e.m.c.i.l.LifecycleMappingFactory - Using org.eclipse.m2e.jdt.JarLifecycleMapping lifecycle mapping for MavenProject: co.com.sanclemente.service.resolveEnigmaApi:ResolveEnigmaAp2:1.0.0 @ /Users/mac20/Documents/Jurgen/Universidad/semestre 6/Servicios/parcial1/parcial/ResolveEnigmaAp2/pom.xml.
2024-03-06 00:03:39,934 [Worker-32: Building] INFO  o.e.m.c.i.embedder.EclipseLogger - Using 'UTF-8' encoding to copy filtered resources.
2024-03-06 00:03:39,936 [Worker-32: Building] INFO  o.e.m.c.i.embedder.EclipseLogger - Copying 0 resource
2024-03-06 00:03:39,936 [Worker-32: Building] INFO  o.e.m.c.i.embedder.EclipseLogger - Copying 0 resource
2024-03-06 00:03:39,940 [Worker-32: Building] INFO  o.e.m.c.i.embedder.EclipseLogger - Using 'UTF-8' encoding to copy filtered resources.
2024-03-06 00:03:39,940 [Worker-32: Building] INFO  o.e.m.c.i.embedder.EclipseLogger - skip non existing resourceDirectory /Users/mac20/Documents/Jurgen/Universidad/semestre 6/Servicios/parcial1/parcial/ResolveEnigmaAp2/src/test/resources
2024-03-06 00:03:47,616 [Worker-35: Updating Maven Project] INFO  o.e.m.c.i.p.ProjectConfigurationManager - Update started
2024-03-06 00:03:47,678 [Worker-35: Updating Maven Project] INFO  o.e.m.c.i.l.LifecycleMappingFactory - Using org.eclipse.m2e.jdt.JarLifecycleMapping lifecycle mapping for MavenProject: co.com.sanclemente.service.resolveEnigmaApi:ResolveEnigmaAp2:1.0.0 @ /Users/mac20/Documents/Jurgen/Universidad/semestre 6/Servicios/parcial1/parcial/ResolveEnigmaAp2/pom.xml.
2024-03-06 00:03:47,931 [Worker-35: Updating Maven Project] INFO  o.e.m.j.i.AbstractJavaProjectConfigurator - Adding source folder /ResolveEnigmaAp2/src/main/java
2024-03-06 00:03:47,931 [Worker-35: Updating Maven Project] INFO  o.e.m.j.i.AbstractJavaProjectConfigurator - Adding resource folder /ResolveEnigmaAp2/src/main/resources
2024-03-06 00:03:47,931 [Worker-35: Updating Maven Project] INFO  o.e.m.j.i.AbstractJavaProjectConfigurator - Adding resource folder /ResolveEnigmaAp2/src/main/resources
2024-03-06 00:03:47,932 [Worker-35: Updating Maven Project] INFO  o.e.m.j.i.AbstractJavaProjectConfigurator - Adding source folder /ResolveEnigmaAp2/src/test/java
2024-03-06 00:03:47,932 [Worker-35: Updating Maven Project] INFO  o.e.m.j.i.AbstractJavaProjectConfigurator - Adding resource folder /ResolveEnigmaAp2/src/test/resources
2024-03-06 00:03:48,072 [Worker-35: Updating Maven Project] INFO  o.e.m.c.i.p.ProjectConfigurationManager - Update completed for 1 poms: local refresh takes 0.00 sec, refresh facades takes 0.00 sec, update config takes 0.00 sec 
2024-03-06 00:03:48,341 [Worker-35: Building] INFO  o.e.m.c.i.embedder.EclipseLogger - Using 'UTF-8' encoding to copy filtered resources.
2024-03-06 00:03:48,342 [Worker-35: Building] INFO  o.e.m.c.i.embedder.EclipseLogger - Copying 1 resource
2024-03-06 00:03:48,353 [Worker-35: Building] INFO  o.e.m.c.i.embedder.EclipseLogger - Copying 0 resource
2024-03-06 00:03:48,356 [Worker-35: Building] INFO  o.e.m.c.i.embedder.EclipseLogger - Using 'UTF-8' encoding to copy filtered resources.
2024-03-06 00:03:48,357 [Worker-35: Building] INFO  o.e.m.c.i.embedder.EclipseLogger - skip non existing resourceDirectory /Users/mac20/Documents/Jurgen/Universidad/semestre 6/Servicios/parcial1/parcial/ResolveEnigmaAp2/src/test/resources
2024-03-06 00:05:50,592 [Worker-17: Building] INFO  o.e.m.c.i.embedder.EclipseLogger - Using 'UTF-8' encoding to copy filtered resources.
2024-03-06 00:05:50,593 [Worker-17: Building] INFO  o.e.m.c.i.embedder.EclipseLogger - Copying 1 resource
2024-03-06 00:05:50,594 [Worker-17: Building] INFO  o.e.m.c.i.embedder.EclipseLogger - Copying 0 resource
2024-03-06 00:05:50,596 [Worker-17: Building] INFO  o.e.m.c.i.embedder.EclipseLogger - Using 'UTF-8' encoding to copy filtered resources.
2024-03-06 00:05:50,596 [Worker-17: Building] INFO  o.e.m.c.i.embedder.EclipseLogger - skip non existing resourceDirectory /Users/mac20/Documents/Jurgen/Universidad/semestre 6/Servicios/parcial1/parcial/ResolveEnigmaAp2/src/test/resources
2024-03-06 00:05:58,534 [Worker-35: Updating Maven Project] INFO  o.e.m.c.i.p.ProjectConfigurationManager - Update started
2024-03-06 00:05:58,603 [Worker-35: Updating Maven Project] INFO  o.e.m.c.i.l.LifecycleMappingFactory - Using org.eclipse.m2e.jdt.JarLifecycleMapping lifecycle mapping for MavenProject: co.com.sanclemente.service.resolveEnigmaApi:ResolveEnigmaAp2:1.0.0 @ /Users/mac20/Documents/Jurgen/Universidad/semestre 6/Servicios/parcial1/parcial/ResolveEnigmaAp2/pom.xml.
2024-03-06 00:05:58,845 [Worker-35: Updating Maven Project] INFO  o.e.m.j.i.AbstractJavaProjectConfigurator - Adding source folder /ResolveEnigmaAp2/src/main/java
2024-03-06 00:05:58,845 [Worker-35: Updating Maven Project] INFO  o.e.m.j.i.AbstractJavaProjectConfigurator - Adding resource folder /ResolveEnigmaAp2/src/main/resources
2024-03-06 00:05:58,846 [Worker-35: Updating Maven Project] INFO  o.e.m.j.i.AbstractJavaProjectConfigurator - Adding resource folder /ResolveEnigmaAp2/src/main/resources
2024-03-06 00:05:58,846 [Worker-35: Updating Maven Project] INFO  o.e.m.j.i.AbstractJavaProjectConfigurator - Adding source folder /ResolveEnigmaAp2/src/test/java
2024-03-06 00:05:58,846 [Worker-35: Updating Maven Project] INFO  o.e.m.j.i.AbstractJavaProjectConfigurator - Adding resource folder /ResolveEnigmaAp2/src/test/resources
2024-03-06 00:05:58,961 [Worker-35: Updating Maven Project] INFO  o.e.m.c.i.p.ProjectConfigurationManager - Update completed for 1 poms: local refresh takes 0.00 sec, refresh facades takes 0.00 sec, update config takes 0.00 sec 
2024-03-06 00:05:59,290 [Worker-30: Building] INFO  o.e.m.c.i.embedder.EclipseLogger - Using 'UTF-8' encoding to copy filtered resources.
2024-03-06 00:05:59,290 [Worker-30: Building] INFO  o.e.m.c.i.embedder.EclipseLogger - Copying 1 resource
2024-03-06 00:05:59,304 [Worker-30: Building] INFO  o.e.m.c.i.embedder.EclipseLogger - Copying 0 resource
2024-03-06 00:05:59,308 [Worker-30: Building] INFO  o.e.m.c.i.embedder.EclipseLogger - Using 'UTF-8' encoding to copy filtered resources.
2024-03-06 00:05:59,308 [Worker-30: Building] INFO  o.e.m.c.i.embedder.EclipseLogger - skip non existing resourceDirectory /Users/mac20/Documents/Jurgen/Universidad/semestre 6/Servicios/parcial1/parcial/ResolveEnigmaAp2/src/test/resources
2024-03-06 00:07:21,996 [Worker-28: Building] INFO  o.e.m.c.i.l.LifecycleMappingFactory - Using org.eclipse.m2e.jdt.JarLifecycleMapping lifecycle mapping for MavenProject: co.com.sanclemente.service.resolveEnigmaApi:resolve-enigma-ap:1.0.0 @ /Users/mac20/Documents/Jurgen/Universidad/semestre 6/Servicios/parcial1/parcial/ResolveEnigmaAp2/pom.xml.
2024-03-06 00:07:22,767 [Worker-28: Building] INFO  o.e.m.c.i.embedder.EclipseLogger - Using 'UTF-8' encoding to copy filtered resources.
2024-03-06 00:07:22,768 [Worker-28: Building] INFO  o.e.m.c.i.embedder.EclipseLogger - Copying 1 resource
2024-03-06 00:07:22,780 [Worker-28: Building] INFO  o.e.m.c.i.embedder.EclipseLogger - Copying 0 resource
2024-03-06 00:07:22,785 [Worker-28: Building] INFO  o.e.m.c.i.embedder.EclipseLogger - Using 'UTF-8' encoding to copy filtered resources.
2024-03-06 00:07:22,785 [Worker-28: Building] INFO  o.e.m.c.i.embedder.EclipseLogger - skip non existing resourceDirectory /Users/mac20/Documents/Jurgen/Universidad/semestre 6/Servicios/parcial1/parcial/ResolveEnigmaAp2/src/test/resources
2024-03-06 00:07:39,612 [Worker-33: Building] INFO  o.e.m.c.i.l.LifecycleMappingFactory - Using org.eclipse.m2e.jdt.JarLifecycleMapping lifecycle mapping for MavenProject: co.com.sanclemente.service.resolveEnigmaApi:resolve-enigma-ap:1.0.0 @ /Users/mac20/Documents/Jurgen/Universidad/semestre 6/Servicios/parcial1/parcial/ResolveEnigmaAp2/pom.xml.
2024-03-06 00:07:39,904 [Worker-33: Building] INFO  o.e.m.c.i.embedder.EclipseLogger - Using 'UTF-8' encoding to copy filtered resources.
2024-03-06 00:07:39,905 [Worker-33: Building] INFO  o.e.m.c.i.embedder.EclipseLogger - Copying 1 resource
2024-03-06 00:07:39,915 [Worker-33: Building] INFO  o.e.m.c.i.embedder.EclipseLogger - Copying 0 resource
2024-03-06 00:07:39,919 [Worker-33: Building] INFO  o.e.m.c.i.embedder.EclipseLogger - Using 'UTF-8' encoding to copy filtered resources.
2024-03-06 00:07:39,919 [Worker-33: Building] INFO  o.e.m.c.i.embedder.EclipseLogger - skip non existing resourceDirectory /Users/mac20/Documents/Jurgen/Universidad/semestre 6/Servicios/parcial1/parcial/ResolveEnigmaAp2/src/test/resources
2024-03-06 00:07:49,616 [Worker-30: Updating Maven Project] INFO  o.e.m.c.i.p.ProjectConfigurationManager - Update started
2024-03-06 00:07:49,680 [Worker-30: Updating Maven Project] INFO  o.e.m.c.i.l.LifecycleMappingFactory - Using org.eclipse.m2e.jdt.JarLifecycleMapping lifecycle mapping for MavenProject: co.com.sanclemente.service.resolveEnigmaApi:resolve-enigma-ap2:1.0.0 @ /Users/mac20/Documents/Jurgen/Universidad/semestre 6/Servicios/parcial1/parcial/ResolveEnigmaAp2/pom.xml.
2024-03-06 00:07:49,925 [Worker-30: Updating Maven Project] INFO  o.e.m.j.i.AbstractJavaProjectConfigurator - Adding source folder /ResolveEnigmaAp2/src/main/java
2024-03-06 00:07:49,925 [Worker-30: Updating Maven Project] INFO  o.e.m.j.i.AbstractJavaProjectConfigurator - Adding resource folder /ResolveEnigmaAp2/src/main/resources
2024-03-06 00:07:49,925 [Worker-30: Updating Maven Project] INFO  o.e.m.j.i.AbstractJavaProjectConfigurator - Adding resource folder /ResolveEnigmaAp2/src/main/resources
2024-03-06 00:07:49,926 [Worker-30: Updating Maven Project] INFO  o.e.m.j.i.AbstractJavaProjectConfigurator - Adding source folder /ResolveEnigmaAp2/src/test/java
2024-03-06 00:07:49,926 [Worker-30: Updating Maven Project] INFO  o.e.m.j.i.AbstractJavaProjectConfigurator - Adding resource folder /ResolveEnigmaAp2/src/test/resources
2024-03-06 00:07:50,070 [Worker-30: Updating Maven Project] INFO  o.e.m.c.i.p.ProjectConfigurationManager - Update completed for 1 poms: local refresh takes 0.00 sec, refresh facades takes 0.00 sec, update config takes 0.00 sec 
2024-03-06 00:07:50,358 [Worker-36: Building] INFO  o.e.m.c.i.embedder.EclipseLogger - Using 'UTF-8' encoding to copy filtered resources.
2024-03-06 00:07:50,358 [Worker-36: Building] INFO  o.e.m.c.i.embedder.EclipseLogger - Copying 1 resource
2024-03-06 00:07:50,373 [Worker-36: Building] INFO  o.e.m.c.i.embedder.EclipseLogger - Copying 0 resource
2024-03-06 00:07:50,377 [Worker-36: Building] INFO  o.e.m.c.i.embedder.EclipseLogger - Using 'UTF-8' encoding to copy filtered resources.
2024-03-06 00:07:50,377 [Worker-36: Building] INFO  o.e.m.c.i.embedder.EclipseLogger - skip non existing resourceDirectory /Users/mac20/Documents/Jurgen/Universidad/semestre 6/Servicios/parcial1/parcial/ResolveEnigmaAp2/src/test/resources
2024-03-06 00:08:02,448 [Worker-17: Building] INFO  o.e.m.c.i.embedder.EclipseLogger - Using 'UTF-8' encoding to copy filtered resources.
2024-03-06 00:08:02,449 [Worker-17: Building] INFO  o.e.m.c.i.embedder.EclipseLogger - Copying 1 resource
2024-03-06 00:08:02,451 [Worker-17: Building] INFO  o.e.m.c.i.embedder.EclipseLogger - Copying 0 resource
2024-03-06 00:08:02,453 [Worker-17: Building] INFO  o.e.m.c.i.embedder.EclipseLogger - Using 'UTF-8' encoding to copy filtered resources.
2024-03-06 00:08:02,453 [Worker-17: Building] INFO  o.e.m.c.i.embedder.EclipseLogger - skip non existing resourceDirectory /Users/mac20/Documents/Jurgen/Universidad/semestre 6/Servicios/parcial1/parcial/ResolveEnigmaAp2/src/test/resources
2024-03-06 00:08:07,751 [Worker-17: Updating Maven Project] INFO  o.e.m.c.i.p.ProjectConfigurationManager - Update started
2024-03-06 00:08:07,809 [Worker-17: Updating Maven Project] INFO  o.e.m.c.i.l.LifecycleMappingFactory - Using org.eclipse.m2e.jdt.JarLifecycleMapping lifecycle mapping for MavenProject: co.com.sanclemente.service.resolveEnigmaApi:resolve-enigma-ap2:1.0.0 @ /Users/mac20/Documents/Jurgen/Universidad/semestre 6/Servicios/parcial1/parcial/ResolveEnigmaAp2/pom.xml.
2024-03-06 00:08:08,111 [Worker-17: Updating Maven Project] INFO  o.e.m.j.i.AbstractJavaProjectConfigurator - Adding source folder /ResolveEnigmaAp2/src/main/java
2024-03-06 00:08:08,112 [Worker-17: Updating Maven Project] INFO  o.e.m.j.i.AbstractJavaProjectConfigurator - Adding resource folder /ResolveEnigmaAp2/src/main/resources
2024-03-06 00:08:08,112 [Worker-17: Updating Maven Project] INFO  o.e.m.j.i.AbstractJavaProjectConfigurator - Adding resource folder /ResolveEnigmaAp2/src/main/resources
2024-03-06 00:08:08,112 [Worker-17: Updating Maven Project] INFO  o.e.m.j.i.AbstractJavaProjectConfigurator - Adding source folder /ResolveEnigmaAp2/src/test/java
2024-03-06 00:08:08,112 [Worker-17: Updating Maven Project] INFO  o.e.m.j.i.AbstractJavaProjectConfigurator - Adding resource folder /ResolveEnigmaAp2/src/test/resources
2024-03-06 00:08:08,283 [Worker-17: Updating Maven Project] INFO  o.e.m.c.i.p.ProjectConfigurationManager - Update completed for 1 poms: local refresh takes 0.00 sec, refresh facades takes 0.00 sec, update config takes 0.00 sec 
2024-03-06 00:08:08,749 [Worker-33: Building] INFO  o.e.m.c.i.embedder.EclipseLogger - Using 'UTF-8' encoding to copy filtered resources.
2024-03-06 00:08:08,749 [Worker-33: Building] INFO  o.e.m.c.i.embedder.EclipseLogger - Copying 1 resource
2024-03-06 00:08:08,758 [Worker-33: Building] INFO  o.e.m.c.i.embedder.EclipseLogger - Copying 0 resource
2024-03-06 00:08:08,761 [Worker-33: Building] INFO  o.e.m.c.i.embedder.EclipseLogger - Using 'UTF-8' encoding to copy filtered resources.
2024-03-06 00:08:08,761 [Worker-33: Building] INFO  o.e.m.c.i.embedder.EclipseLogger - skip non existing resourceDirectory /Users/mac20/Documents/Jurgen/Universidad/semestre 6/Servicios/parcial1/parcial/ResolveEnigmaAp2/src/test/resources
2024-03-06 00:08:55,786 [Worker-35: Building] INFO  o.e.m.c.i.embedder.EclipseLogger - Using 'UTF-8' encoding to copy filtered resources.
2024-03-06 00:08:55,788 [Worker-35: Building] INFO  o.e.m.c.i.embedder.EclipseLogger - Copying 1 resource
2024-03-06 00:08:55,789 [Worker-35: Building] INFO  o.e.m.c.i.embedder.EclipseLogger - Copying 0 resource
2024-03-06 00:08:55,792 [Worker-35: Building] INFO  o.e.m.c.i.embedder.EclipseLogger - Using 'UTF-8' encoding to copy filtered resources.
2024-03-06 00:08:55,792 [Worker-35: Building] INFO  o.e.m.c.i.embedder.EclipseLogger - skip non existing resourceDirectory /Users/mac20/Documents/Jurgen/Universidad/semestre 6/Servicios/parcial1/parcial/ResolveEnigmaAp2/src/test/resources
2024-03-06 00:09:14,304 [Worker-36: Building] INFO  o.e.m.c.i.l.LifecycleMappingFactory - Using org.eclipse.m2e.jdt.JarLifecycleMapping lifecycle mapping for MavenProject: co.com.sanclemente.service.resolveEnigmaApi:resolve-enigma-ap2:1.0.0 @ /Users/mac20/Documents/Jurgen/Universidad/semestre 6/Servicios/parcial1/parcial/ResolveEnigmaAp3/pom.xml.
2024-03-06 00:09:14,487 [Worker-36: Building] INFO  o.e.m.c.i.embedder.EclipseLogger - Using 'UTF-8' encoding to copy filtered resources.
2024-03-06 00:09:14,488 [Worker-36: Building] INFO  o.e.m.c.i.embedder.EclipseLogger - Copying 1 resource
2024-03-06 00:09:14,489 [Worker-36: Building] INFO  o.e.m.c.i.embedder.EclipseLogger - Copying 0 resource
2024-03-06 00:09:14,491 [Worker-36: Building] INFO  o.e.m.c.i.embedder.EclipseLogger - Using 'UTF-8' encoding to copy filtered resources.
2024-03-06 00:09:14,491 [Worker-36: Building] INFO  o.e.m.c.i.embedder.EclipseLogger - skip non existing resourceDirectory /Users/mac20/Documents/Jurgen/Universidad/semestre 6/Servicios/parcial1/parcial/ResolveEnigmaAp3/src/test/resources
2024-03-06 00:09:22,801 [Worker-30: Building] INFO  o.e.m.c.i.l.LifecycleMappingFactory - Using org.eclipse.m2e.jdt.JarLifecycleMapping lifecycle mapping for MavenProject: co.com.sanclemente.service.resolveEnigmaApi:resolve-enigma-ap3:1.0.0 @ /Users/mac20/Documents/Jurgen/Universidad/semestre 6/Servicios/parcial1/parcial/ResolveEnigmaAp3/pom.xml.
2024-03-06 00:09:22,871 [Worker-30: Building] INFO  o.e.m.c.i.embedder.EclipseLogger - Using 'UTF-8' encoding to copy filtered resources.
2024-03-06 00:09:22,871 [Worker-30: Building] INFO  o.e.m.c.i.embedder.EclipseLogger - Copying 1 resource
2024-03-06 00:09:22,873 [Worker-30: Building] INFO  o.e.m.c.i.embedder.EclipseLogger - Copying 0 resource
2024-03-06 00:09:22,875 [Worker-30: Building] INFO  o.e.m.c.i.embedder.EclipseLogger - Using 'UTF-8' encoding to copy filtered resources.
2024-03-06 00:09:22,876 [Worker-30: Building] INFO  o.e.m.c.i.embedder.EclipseLogger - skip non existing resourceDirectory /Users/mac20/Documents/Jurgen/Universidad/semestre 6/Servicios/parcial1/parcial/ResolveEnigmaAp3/src/test/resources
2024-03-06 00:09:34,932 [Worker-30: Building] INFO  o.e.m.c.i.embedder.EclipseLogger - Using 'UTF-8' encoding to copy filtered resources.
2024-03-06 00:09:34,932 [Worker-30: Building] INFO  o.e.m.c.i.embedder.EclipseLogger - Copying 1 resource
2024-03-06 00:09:34,933 [Worker-30: Building] INFO  o.e.m.c.i.embedder.EclipseLogger - Copying 0 resource
2024-03-06 00:09:34,935 [Worker-30: Building] INFO  o.e.m.c.i.embedder.EclipseLogger - Using 'UTF-8' encoding to copy filtered resources.
2024-03-06 00:09:34,936 [Worker-30: Building] INFO  o.e.m.c.i.embedder.EclipseLogger - skip non existing resourceDirectory /Users/mac20/Documents/Jurgen/Universidad/semestre 6/Servicios/parcial1/parcial/ResolveEnigmaAp3/src/test/resources
2024-03-06 00:09:38,803 [Worker-38: Building] INFO  o.e.m.c.i.embedder.EclipseLogger - Using 'UTF-8' encoding to copy filtered resources.
2024-03-06 00:09:38,804 [Worker-38: Building] INFO  o.e.m.c.i.embedder.EclipseLogger - Copying 1 resource
2024-03-06 00:09:38,805 [Worker-38: Building] INFO  o.e.m.c.i.embedder.EclipseLogger - Copying 0 resource
2024-03-06 00:09:38,806 [Worker-38: Building] INFO  o.e.m.c.i.embedder.EclipseLogger - Using 'UTF-8' encoding to copy filtered resources.
2024-03-06 00:09:38,807 [Worker-38: Building] INFO  o.e.m.c.i.embedder.EclipseLogger - skip non existing resourceDirectory /Users/mac20/Documents/Jurgen/Universidad/semestre 6/Servicios/parcial1/parcial/ResolveEnigmaAp3/src/test/resources
2024-03-06 00:09:59,311 [Worker-37: Updating Maven Project] INFO  o.e.m.c.i.p.ProjectConfigurationManager - Update started
2024-03-06 00:09:59,547 [Worker-37: Updating Maven Project] INFO  o.e.m.c.i.l.LifecycleMappingFactory - Using org.eclipse.m2e.jdt.JarLifecycleMapping lifecycle mapping for MavenProject: co.com.sanclemente.service.resolveEnigmaApi:resolve-enigma-ap:1.0.0 @ /Users/mac20/Documents/Jurgen/Universidad/semestre 6/Servicios/parcial1/parcial/ResolveEnigmaAp/pom.xml.
2024-03-06 00:09:59,707 [Worker-37: Updating Maven Project] INFO  o.e.m.c.i.l.LifecycleMappingFactory - Using org.eclipse.m2e.jdt.JarLifecycleMapping lifecycle mapping for MavenProject: co.com.sanclemente.service.resolveEnigmaApi:resolve-enigma-ap2:1.0.0 @ /Users/mac20/Documents/Jurgen/Universidad/semestre 6/Servicios/parcial1/parcial/ResolveEnigmaAp2/pom.xml.
2024-03-06 00:09:59,740 [Worker-37: Updating Maven Project] INFO  o.e.m.c.i.l.LifecycleMappingFactory - Using org.eclipse.m2e.jdt.JarLifecycleMapping lifecycle mapping for MavenProject: co.com.sanclemente.service.resolveEnigmaApi:resolve-enigma-ap3:1.0.0 @ /Users/mac20/Documents/Jurgen/Universidad/semestre 6/Servicios/parcial1/parcial/ResolveEnigmaAp3/pom.xml.
2024-03-06 00:09:59,902 [Worker-37: Updating Maven Project] INFO  o.e.m.j.i.AbstractJavaProjectConfigurator - Adding source folder /ResolveEnigmaAp/src/main/java
2024-03-06 00:09:59,902 [Worker-37: Updating Maven Project] INFO  o.e.m.j.i.AbstractJavaProjectConfigurator - Adding resource folder /ResolveEnigmaAp/src/main/resources
2024-03-06 00:09:59,902 [Worker-37: Updating Maven Project] INFO  o.e.m.j.i.AbstractJavaProjectConfigurator - Adding resource folder /ResolveEnigmaAp/src/main/resources
2024-03-06 00:09:59,903 [Worker-37: Updating Maven Project] INFO  o.e.m.j.i.AbstractJavaProjectConfigurator - Adding source folder /ResolveEnigmaAp/src/test/java
2024-03-06 00:09:59,903 [Worker-37: Updating Maven Project] INFO  o.e.m.j.i.AbstractJavaProjectConfigurator - Adding resource folder /ResolveEnigmaAp/src/test/resources
2024-03-06 00:09:59,976 [Worker-37: Updating Maven Project] INFO  o.e.m.j.i.AbstractJavaProjectConfigurator - Adding source folder /ResolveEnigmaAp2/src/main/java
2024-03-06 00:09:59,976 [Worker-37: Updating Maven Project] INFO  o.e.m.j.i.AbstractJavaProjectConfigurator - Adding resource folder /ResolveEnigmaAp2/src/main/resources
2024-03-06 00:09:59,977 [Worker-37: Updating Maven Project] INFO  o.e.m.j.i.AbstractJavaProjectConfigurator - Adding resource folder /ResolveEnigmaAp2/src/main/resources
2024-03-06 00:09:59,977 [Worker-37: Updating Maven Project] INFO  o.e.m.j.i.AbstractJavaProjectConfigurator - Adding source folder /ResolveEnigmaAp2/src/test/java
2024-03-06 00:09:59,977 [Worker-37: Updating Maven Project] INFO  o.e.m.j.i.AbstractJavaProjectConfigurator - Adding resource folder /ResolveEnigmaAp2/src/test/resources
2024-03-06 00:10:00,049 [Worker-37: Updating Maven Project] INFO  o.e.m.j.i.AbstractJavaProjectConfigurator - Adding source folder /ResolveEnigmaAp3/src/main/java
2024-03-06 00:10:00,049 [Worker-37: Updating Maven Project] INFO  o.e.m.j.i.AbstractJavaProjectConfigurator - Adding resource folder /ResolveEnigmaAp3/src/main/resources
2024-03-06 00:10:00,049 [Worker-37: Updating Maven Project] INFO  o.e.m.j.i.AbstractJavaProjectConfigurator - Adding resource folder /ResolveEnigmaAp3/src/main/resources
2024-03-06 00:10:00,050 [Worker-37: Updating Maven Project] INFO  o.e.m.j.i.AbstractJavaProjectConfigurator - Adding source folder /ResolveEnigmaAp3/src/test/java
2024-03-06 00:10:00,050 [Worker-37: Updating Maven Project] INFO  o.e.m.j.i.AbstractJavaProjectConfigurator - Adding resource folder /ResolveEnigmaAp3/src/test/resources
2024-03-06 00:10:00,249 [Worker-37: Updating Maven Project] INFO  o.e.m.c.i.p.ProjectConfigurationManager - Update completed for 3 poms: local refresh takes 0.00 sec, refresh facades takes 0.00 sec, update config takes 0.00 sec 
2024-03-06 00:10:00,561 [Worker-35: Building] INFO  o.e.m.c.i.embedder.EclipseLogger - Using 'UTF-8' encoding to copy filtered resources.
2024-03-06 00:10:00,562 [Worker-35: Building] INFO  o.e.m.c.i.embedder.EclipseLogger - Copying 1 resource
2024-03-06 00:10:00,576 [Worker-35: Building] INFO  o.e.m.c.i.embedder.EclipseLogger - Copying 0 resource
2024-03-06 00:10:00,581 [Worker-35: Building] INFO  o.e.m.c.i.embedder.EclipseLogger - Using 'UTF-8' encoding to copy filtered resources.
2024-03-06 00:10:00,581 [Worker-35: Building] INFO  o.e.m.c.i.embedder.EclipseLogger - skip non existing resourceDirectory /Users/mac20/Documents/Jurgen/Universidad/semestre 6/Servicios/parcial1/parcial/ResolveEnigmaAp/src/test/resources
2024-03-06 00:10:01,045 [Worker-35: Building] INFO  o.e.m.c.i.embedder.EclipseLogger - Using 'UTF-8' encoding to copy filtered resources.
2024-03-06 00:10:01,046 [Worker-35: Building] INFO  o.e.m.c.i.embedder.EclipseLogger - Copying 1 resource
2024-03-06 00:10:01,047 [Worker-35: Building] INFO  o.e.m.c.i.embedder.EclipseLogger - Copying 0 resource
2024-03-06 00:10:01,051 [Worker-35: Building] INFO  o.e.m.c.i.embedder.EclipseLogger - Using 'UTF-8' encoding to copy filtered resources.
2024-03-06 00:10:01,051 [Worker-35: Building] INFO  o.e.m.c.i.embedder.EclipseLogger - skip non existing resourceDirectory /Users/mac20/Documents/Jurgen/Universidad/semestre 6/Servicios/parcial1/parcial/ResolveEnigmaAp2/src/test/resources
2024-03-06 00:10:01,265 [Worker-35: Building] INFO  o.e.m.c.i.embedder.EclipseLogger - Using 'UTF-8' encoding to copy filtered resources.
2024-03-06 00:10:01,266 [Worker-35: Building] INFO  o.e.m.c.i.embedder.EclipseLogger - Copying 1 resource
2024-03-06 00:10:01,270 [Worker-35: Building] INFO  o.e.m.c.i.embedder.EclipseLogger - Copying 0 resource
2024-03-06 00:10:01,273 [Worker-35: Building] INFO  o.e.m.c.i.embedder.EclipseLogger - Using 'UTF-8' encoding to copy filtered resources.
2024-03-06 00:10:01,275 [Worker-35: Building] INFO  o.e.m.c.i.embedder.EclipseLogger - skip non existing resourceDirectory /Users/mac20/Documents/Jurgen/Universidad/semestre 6/Servicios/parcial1/parcial/ResolveEnigmaAp3/src/test/resources
2024-03-06 00:10:26,853 [Worker-30: Building] INFO  o.e.m.c.i.embedder.EclipseLogger - Using 'UTF-8' encoding to copy filtered resources.
2024-03-06 00:10:26,854 [Worker-30: Building] INFO  o.e.m.c.i.embedder.EclipseLogger - Copying 1 resource
2024-03-06 00:10:26,855 [Worker-30: Building] INFO  o.e.m.c.i.embedder.EclipseLogger - Copying 0 resource
2024-03-06 00:10:26,857 [Worker-30: Building] INFO  o.e.m.c.i.embedder.EclipseLogger - Using 'UTF-8' encoding to copy filtered resources.
2024-03-06 00:10:26,857 [Worker-30: Building] INFO  o.e.m.c.i.embedder.EclipseLogger - skip non existing resourceDirectory /Users/mac20/Documents/Jurgen/Universidad/semestre 6/Servicios/parcial1/parcial/ResolveEnigmaAp3/src/test/resources
2024-03-06 00:10:36,901 [Worker-32: Updating Maven Project] INFO  o.e.m.c.i.p.ProjectConfigurationManager - Update started
2024-03-06 00:10:37,189 [Worker-32: Updating Maven Project] INFO  o.e.m.c.i.l.LifecycleMappingFactory - Using org.eclipse.m2e.jdt.JarLifecycleMapping lifecycle mapping for MavenProject: co.com.sanclemente.service.resolveEnigmaApi:resolve-enigma-ap:1.0.0 @ /Users/mac20/Documents/Jurgen/Universidad/semestre 6/Servicios/parcial1/parcial/ResolveEnigmaAp/pom.xml.
2024-03-06 00:10:37,329 [Worker-32: Updating Maven Project] INFO  o.e.m.c.i.l.LifecycleMappingFactory - Using org.eclipse.m2e.jdt.JarLifecycleMapping lifecycle mapping for MavenProject: co.com.sanclemente.service.resolveEnigmaApi:resolve-enigma-ap2:1.0.0 @ /Users/mac20/Documents/Jurgen/Universidad/semestre 6/Servicios/parcial1/parcial/ResolveEnigmaAp2/pom.xml.
2024-03-06 00:10:37,362 [Worker-32: Updating Maven Project] INFO  o.e.m.c.i.l.LifecycleMappingFactory - Using org.eclipse.m2e.jdt.JarLifecycleMapping lifecycle mapping for MavenProject: co.com.sanclemente.service.resolveEnigmaApi:resolve-enigma-ap3:1.0.0 @ /Users/mac20/Documents/Jurgen/Universidad/semestre 6/Servicios/parcial1/parcial/ResolveEnigmaAp3/pom.xml.
2024-03-06 00:10:37,563 [Worker-32: Updating Maven Project] INFO  o.e.m.j.i.AbstractJavaProjectConfigurator - Adding source folder /ResolveEnigmaAp/src/main/java
2024-03-06 00:10:37,563 [Worker-32: Updating Maven Project] INFO  o.e.m.j.i.AbstractJavaProjectConfigurator - Adding resource folder /ResolveEnigmaAp/src/main/resources
2024-03-06 00:10:37,563 [Worker-32: Updating Maven Project] INFO  o.e.m.j.i.AbstractJavaProjectConfigurator - Adding resource folder /ResolveEnigmaAp/src/main/resources
2024-03-06 00:10:37,564 [Worker-32: Updating Maven Project] INFO  o.e.m.j.i.AbstractJavaProjectConfigurator - Adding source folder /ResolveEnigmaAp/src/test/java
2024-03-06 00:10:37,564 [Worker-32: Updating Maven Project] INFO  o.e.m.j.i.AbstractJavaProjectConfigurator - Adding resource folder /ResolveEnigmaAp/src/test/resources
2024-03-06 00:10:37,643 [Worker-32: Updating Maven Project] INFO  o.e.m.j.i.AbstractJavaProjectConfigurator - Adding source folder /ResolveEnigmaAp2/src/main/java
2024-03-06 00:10:37,643 [Worker-32: Updating Maven Project] INFO  o.e.m.j.i.AbstractJavaProjectConfigurator - Adding resource folder /ResolveEnigmaAp2/src/main/resources
2024-03-06 00:10:37,643 [Worker-32: Updating Maven Project] INFO  o.e.m.j.i.AbstractJavaProjectConfigurator - Adding resource folder /ResolveEnigmaAp2/src/main/resources
2024-03-06 00:10:37,644 [Worker-32: Updating Maven Project] INFO  o.e.m.j.i.AbstractJavaProjectConfigurator - Adding source folder /ResolveEnigmaAp2/src/test/java
2024-03-06 00:10:37,644 [Worker-32: Updating Maven Project] INFO  o.e.m.j.i.AbstractJavaProjectConfigurator - Adding resource folder /ResolveEnigmaAp2/src/test/resources
2024-03-06 00:10:37,720 [Worker-32: Updating Maven Project] INFO  o.e.m.j.i.AbstractJavaProjectConfigurator - Adding source folder /ResolveEnigmaAp3/src/main/java
2024-03-06 00:10:37,720 [Worker-32: Updating Maven Project] INFO  o.e.m.j.i.AbstractJavaProjectConfigurator - Adding resource folder /ResolveEnigmaAp3/src/main/resources
2024-03-06 00:10:37,721 [Worker-32: Updating Maven Project] INFO  o.e.m.j.i.AbstractJavaProjectConfigurator - Adding resource folder /ResolveEnigmaAp3/src/main/resources
2024-03-06 00:10:37,721 [Worker-32: Updating Maven Project] INFO  o.e.m.j.i.AbstractJavaProjectConfigurator - Adding source folder /ResolveEnigmaAp3/src/test/java
2024-03-06 00:10:37,721 [Worker-32: Updating Maven Project] INFO  o.e.m.j.i.AbstractJavaProjectConfigurator - Adding resource folder /ResolveEnigmaAp3/src/test/resources
2024-03-06 00:10:37,939 [Worker-32: Updating Maven Project] INFO  o.e.m.c.i.p.ProjectConfigurationManager - Update completed for 3 poms: local refresh takes 0.00 sec, refresh facades takes 0.00 sec, update config takes 0.00 sec 
2024-03-06 00:10:38,198 [Worker-33: Building] INFO  o.e.m.c.i.embedder.EclipseLogger - Using 'UTF-8' encoding to copy filtered resources.
2024-03-06 00:10:38,199 [Worker-33: Building] INFO  o.e.m.c.i.embedder.EclipseLogger - Copying 1 resource
2024-03-06 00:10:38,207 [Worker-33: Building] INFO  o.e.m.c.i.embedder.EclipseLogger - Copying 0 resource
2024-03-06 00:10:38,210 [Worker-33: Building] INFO  o.e.m.c.i.embedder.EclipseLogger - Using 'UTF-8' encoding to copy filtered resources.
2024-03-06 00:10:38,210 [Worker-33: Building] INFO  o.e.m.c.i.embedder.EclipseLogger - skip non existing resourceDirectory /Users/mac20/Documents/Jurgen/Universidad/semestre 6/Servicios/parcial1/parcial/ResolveEnigmaAp/src/test/resources
2024-03-06 00:10:38,523 [Worker-33: Building] INFO  o.e.m.c.i.embedder.EclipseLogger - Using 'UTF-8' encoding to copy filtered resources.
2024-03-06 00:10:38,523 [Worker-33: Building] INFO  o.e.m.c.i.embedder.EclipseLogger - Copying 1 resource
2024-03-06 00:10:38,524 [Worker-33: Building] INFO  o.e.m.c.i.embedder.EclipseLogger - Copying 0 resource
2024-03-06 00:10:38,527 [Worker-33: Building] INFO  o.e.m.c.i.embedder.EclipseLogger - Using 'UTF-8' encoding to copy filtered resources.
2024-03-06 00:10:38,527 [Worker-33: Building] INFO  o.e.m.c.i.embedder.EclipseLogger - skip non existing resourceDirectory /Users/mac20/Documents/Jurgen/Universidad/semestre 6/Servicios/parcial1/parcial/ResolveEnigmaAp2/src/test/resources
2024-03-06 00:10:38,673 [Worker-33: Building] INFO  o.e.m.c.i.embedder.EclipseLogger - Using 'UTF-8' encoding to copy filtered resources.
2024-03-06 00:10:38,673 [Worker-33: Building] INFO  o.e.m.c.i.embedder.EclipseLogger - Copying 1 resource
2024-03-06 00:10:38,674 [Worker-33: Building] INFO  o.e.m.c.i.embedder.EclipseLogger - Copying 0 resource
2024-03-06 00:10:38,676 [Worker-33: Building] INFO  o.e.m.c.i.embedder.EclipseLogger - Using 'UTF-8' encoding to copy filtered resources.
2024-03-06 00:10:38,676 [Worker-33: Building] INFO  o.e.m.c.i.embedder.EclipseLogger - skip non existing resourceDirectory /Users/mac20/Documents/Jurgen/Universidad/semestre 6/Servicios/parcial1/parcial/ResolveEnigmaAp3/src/test/resources
